[debug] [2024-04-11T18:52:53.403Z] ----------------------------------------------------------------------
[debug] [2024-04-11T18:52:53.406Z] Command:       /Users/lilian/.nvm/versions/node/v20.11.0/bin/node /usr/local/bin/firebase init
[debug] [2024-04-11T18:52:53.406Z] CLI Version:   13.0.1
[debug] [2024-04-11T18:52:53.406Z] Platform:      darwin
[debug] [2024-04-11T18:52:53.406Z] Node Version:  v20.11.0
[debug] [2024-04-11T18:52:53.406Z] Time:          Thu Apr 11 2024 14:52:53 GMT-0400 (Eastern Daylight Time)
[debug] [2024-04-11T18:52:53.406Z] ----------------------------------------------------------------------
[debug] 
[debug] [2024-04-11T18:52:53.408Z] >>> [apiv2][query] GET https://firebase-public.firebaseio.com/cli.json [none]
[debug] [2024-04-11T18:52:53.446Z] > command requires scopes: ["email","openid","https://www.googleapis.com/auth/cloudplatformprojects.readonly","https://www.googleapis.com/auth/firebase","https://www.googleapis.com/auth/cloud-platform"]
[debug] [2024-04-11T18:52:53.446Z] > authorizing via signed-in user (lilibest30.lb@gmail.com)
[info] 
     ######## #### ########  ######## ########     ###     ######  ########
     ##        ##  ##     ## ##       ##     ##  ##   ##  ##       ##
     ######    ##  ########  ######   ########  #########  ######  ######
     ##        ##  ##    ##  ##       ##     ## ##     ##       ## ##
     ##       #### ##     ## ######## ########  ##     ##  ######  ########

You're about to initialize a Firebase project in this directory:

  /Users/lilian/Desktop/Projects/tailwind-client

[debug] [2024-04-11T18:52:56.619Z] <<< [apiv2][status] GET https://firebase-public.firebaseio.com/cli.json 200
[debug] [2024-04-11T18:52:56.619Z] <<< [apiv2][body] GET https://firebase-public.firebaseio.com/cli.json {"cloudBuildErrorAfter":1594252800000,"cloudBuildWarnAfter":1590019200000,"defaultNode10After":1594252800000,"minVersion":"3.0.5","node8DeploysDisabledAfter":1613390400000,"node8RuntimeDisabledAfter":1615809600000,"node8WarnAfter":1600128000000}
[info] 
=== Project Setup
[info] 
[info] First, let's associate this project directory with a Firebase project.
[info] You can create multiple project aliases by running firebase use --add, 
[info] but for now we'll just set up a default project.
[info] 
[debug] [2024-04-11T18:53:07.354Z] > refreshing access token with scopes: []
[debug] [2024-04-11T18:53:07.357Z] >>> [apiv2][query] POST https://www.googleapis.com/oauth2/v3/token [none]
[debug] [2024-04-11T18:53:07.357Z] >>> [apiv2][body] POST https://www.googleapis.com/oauth2/v3/token [omitted]
[debug] [2024-04-11T18:53:12.555Z] <<< [apiv2][status] POST https://www.googleapis.com/oauth2/v3/token 200
[debug] [2024-04-11T18:53:12.556Z] <<< [apiv2][body] POST https://www.googleapis.com/oauth2/v3/token [omitted]
[debug] [2024-04-11T18:53:12.573Z] >>> [apiv2][query] GET https://firebase.googleapis.com/v1beta1/projects pageSize=100
[debug] [2024-04-11T18:53:19.511Z] <<< [apiv2][status] GET https://firebase.googleapis.com/v1beta1/projects 200
[debug] [2024-04-11T18:53:19.511Z] <<< [apiv2][body] GET https://firebase.googleapis.com/v1beta1/projects [omitted]
[info] i  Using project cvs-online (CVS Online) 
[info] 
=== Database Setup
[info] i  database: ensuring required API firebasedatabase.googleapis.com is enabled... 
[debug] [2024-04-11T18:53:28.261Z] >>> [apiv2][query] GET https://serviceusage.googleapis.com/v1/projects/cvs-online/services/firebasedatabase.googleapis.com [none]
[debug] [2024-04-11T18:53:28.262Z] >>> [apiv2][(partial)header] GET https://serviceusage.googleapis.com/v1/projects/cvs-online/services/firebasedatabase.googleapis.com x-goog-quota-user=projects/cvs-online
[debug] [2024-04-11T18:53:32.966Z] <<< [apiv2][status] GET https://serviceusage.googleapis.com/v1/projects/cvs-online/services/firebasedatabase.googleapis.com 200
[debug] [2024-04-11T18:53:32.966Z] <<< [apiv2][body] GET https://serviceusage.googleapis.com/v1/projects/cvs-online/services/firebasedatabase.googleapis.com [omitted]
[info] ✔  database: required API firebasedatabase.googleapis.com is enabled 
[info] 
[debug] [2024-04-11T18:53:32.967Z] >>> [apiv2][query] GET https://firebasedatabase.googleapis.com/v1beta/projects/cvs-online/locations/-/instances/cvs-online-default-rtdb [none]
[debug] [2024-04-11T18:53:38.022Z] <<< [apiv2][status] GET https://firebasedatabase.googleapis.com/v1beta/projects/cvs-online/locations/-/instances/cvs-online-default-rtdb 200
[debug] [2024-04-11T18:53:38.023Z] <<< [apiv2][body] GET https://firebasedatabase.googleapis.com/v1beta/projects/cvs-online/locations/-/instances/cvs-online-default-rtdb {"name":"projects/670629794189/locations/europe-west1/instances/cvs-online-default-rtdb","project":"projects/670629794189","databaseUrl":"https://cvs-online-default-rtdb.europe-west1.firebasedatabase.app","type":"DEFAULT_DATABASE","state":"ACTIVE"}
[info] 
[info] Firebase Realtime Database Security Rules allow you to define how your data should be
[info] structured and when your data can be read from and written to.
[info] 
[debug] [2024-04-11T18:53:40.548Z] >>> [apiv2][query] GET https://cvs-online-default-rtdb.europe-west1.firebasedatabase.app/.settings/rules.json [none]
[debug] [2024-04-11T18:53:43.758Z] <<< [apiv2][status] GET https://cvs-online-default-rtdb.europe-west1.firebasedatabase.app/.settings/rules.json 200
[debug] [2024-04-11T18:53:43.758Z] <<< [apiv2][body] GET https://cvs-online-default-rtdb.europe-west1.firebasedatabase.app/.settings/rules.json [stream]
[info] ✔  Database Rules for cvs-online-default-rtdb have been written to database.rules.json. 
[info] Future modifications to database.rules.json will update Realtime Database Security Rules when you run
[info] firebase deploy.
[info] 
=== Firestore Setup
[debug] [2024-04-11T18:53:43.763Z] >>> [apiv2][query] GET https://serviceusage.googleapis.com/v1/projects/cvs-online/services/firestore.googleapis.com [none]
[debug] [2024-04-11T18:53:43.763Z] >>> [apiv2][(partial)header] GET https://serviceusage.googleapis.com/v1/projects/cvs-online/services/firestore.googleapis.com x-goog-quota-user=projects/cvs-online
[debug] [2024-04-11T18:53:50.018Z] <<< [apiv2][status] GET https://serviceusage.googleapis.com/v1/projects/cvs-online/services/firestore.googleapis.com 200
[debug] [2024-04-11T18:53:50.019Z] <<< [apiv2][body] GET https://serviceusage.googleapis.com/v1/projects/cvs-online/services/firestore.googleapis.com [omitted]
[debug] [2024-04-11T18:53:50.020Z] >>> [apiv2][query] GET https://firestore.googleapis.com/v1/projects/cvs-online/databases/(default) [none]
[debug] [2024-04-11T18:53:53.432Z] <<< [apiv2][status] GET https://firestore.googleapis.com/v1/projects/cvs-online/databases/(default) 200
[debug] [2024-04-11T18:53:53.432Z] <<< [apiv2][body] GET https://firestore.googleapis.com/v1/projects/cvs-online/databases/(default) {"name":"projects/cvs-online/databases/(default)","uid":"0a1acdab-3a69-46ce-8a52-7daa8dce51c5","createTime":"2023-12-06T09:57:25.380558Z","updateTime":"2023-12-06T09:57:25.380558Z","locationId":"eur3","type":"FIRESTORE_NATIVE","concurrencyMode":"PESSIMISTIC","versionRetentionPeriod":"3600s","earliestVersionTime":"2024-04-11T17:54:25.761863Z","appEngineIntegrationMode":"DISABLED","keyPrefix":"e","pointInTimeRecoveryEnablement":"POINT_IN_TIME_RECOVERY_DISABLED","deleteProtectionState":"DELETE_PROTECTION_DISABLED","etag":"IIKujPnquoUDMM6c2+PvoYUD"}
[debug] [2024-04-11T18:53:53.432Z] database_type: FIRESTORE_NATIVE
[debug] [2024-04-11T18:53:53.441Z] > command requires scopes: ["email","openid","https://www.googleapis.com/auth/cloudplatformprojects.readonly","https://www.googleapis.com/auth/firebase","https://www.googleapis.com/auth/cloud-platform"]
[debug] [2024-04-11T18:53:53.442Z] > authorizing via signed-in user (lilibest30.lb@gmail.com)
[debug] [2024-04-11T18:53:53.442Z] [iam] checking project cvs-online for permissions ["firebase.projects.get"]
[debug] [2024-04-11T18:53:53.444Z] >>> [apiv2][query] POST https://cloudresourcemanager.googleapis.com/v1/projects/cvs-online:testIamPermissions [none]
[debug] [2024-04-11T18:53:53.445Z] >>> [apiv2][(partial)header] POST https://cloudresourcemanager.googleapis.com/v1/projects/cvs-online:testIamPermissions x-goog-quota-user=projects/cvs-online
[debug] [2024-04-11T18:53:53.445Z] >>> [apiv2][body] POST https://cloudresourcemanager.googleapis.com/v1/projects/cvs-online:testIamPermissions {"permissions":["firebase.projects.get"]}
[debug] [2024-04-11T18:54:04.234Z] <<< [apiv2][status] POST https://cloudresourcemanager.googleapis.com/v1/projects/cvs-online:testIamPermissions 200
[debug] [2024-04-11T18:54:04.235Z] <<< [apiv2][body] POST https://cloudresourcemanager.googleapis.com/v1/projects/cvs-online:testIamPermissions {"permissions":["firebase.projects.get"]}
[info] 
[info] Firestore Security Rules allow you to define how and when to allow
[info] requests. You can keep these rules in your project directory
[info] and publish them with firebase deploy.
[info] 
[debug] [2024-04-11T18:54:06.653Z] >>> [apiv2][query] GET https://firebaserules.googleapis.com/v1/projects/cvs-online/releases pageSize=10&pageToken=
[debug] [2024-04-11T18:54:11.867Z] <<< [apiv2][status] GET https://firebaserules.googleapis.com/v1/projects/cvs-online/releases 200
[debug] [2024-04-11T18:54:11.868Z] <<< [apiv2][body] GET https://firebaserules.googleapis.com/v1/projects/cvs-online/releases {"releases":[{"name":"projects/cvs-online/releases/cloud.firestore","rulesetName":"projects/cvs-online/rulesets/a5ac791c-3468-48f0-bca1-73a8164a3c3e","createTime":"2023-12-06T09:57:32.208828Z","updateTime":"2023-12-06T11:53:28.980702Z"},{"name":"projects/cvs-online/releases/firebase.storage/cvs-online.appspot.com","rulesetName":"projects/cvs-online/rulesets/bc3fd3a8-3f52-47c1-b782-da0c39b99742","createTime":"2023-12-06T10:13:53.712197Z","updateTime":"2024-01-21T14:19:43.767755Z"}]}
[debug] [2024-04-11T18:54:11.869Z] Found ruleset: projects/cvs-online/rulesets/a5ac791c-3468-48f0-bca1-73a8164a3c3e
[debug] [2024-04-11T18:54:11.870Z] >>> [apiv2][query] GET https://firebaserules.googleapis.com/v1/projects/cvs-online/rulesets/a5ac791c-3468-48f0-bca1-73a8164a3c3e [none]
[debug] [2024-04-11T18:54:13.000Z] <<< [apiv2][status] GET https://firebaserules.googleapis.com/v1/projects/cvs-online/rulesets/a5ac791c-3468-48f0-bca1-73a8164a3c3e 200
[debug] [2024-04-11T18:54:13.000Z] <<< [apiv2][body] GET https://firebaserules.googleapis.com/v1/projects/cvs-online/rulesets/a5ac791c-3468-48f0-bca1-73a8164a3c3e [omitted]
[info] 
[info] Firestore indexes allow you to perform complex queries while
[info] maintaining performance that scales with the size of the result
[info] set. You can keep index definitions in your project directory
[info] and publish them with firebase deploy.
[info] 
[debug] [2024-04-11T18:55:34.419Z] >>> [apiv2][query] GET https://firestore.googleapis.com/v1/projects/cvs-online/databases/(default)/collectionGroups/-/indexes [none]
[debug] [2024-04-11T18:55:34.425Z] >>> [apiv2][query] GET https://firestore.googleapis.com/v1/projects/cvs-online/databases/(default)/collectionGroups/-/fields?filter=indexConfig.usesAncestorConfig=false OR ttlConfig:* [none]
[debug] [2024-04-11T18:55:36.259Z] <<< [apiv2][status] GET https://firestore.googleapis.com/v1/projects/cvs-online/databases/(default)/collectionGroups/-/indexes 200
[debug] [2024-04-11T18:55:36.260Z] <<< [apiv2][body] GET https://firestore.googleapis.com/v1/projects/cvs-online/databases/(default)/collectionGroups/-/indexes {}
[debug] [2024-04-11T18:55:38.775Z] <<< [apiv2][status] GET https://firestore.googleapis.com/v1/projects/cvs-online/databases/(default)/collectionGroups/-/fields?filter=indexConfig.usesAncestorConfig=false OR ttlConfig:* 200
[debug] [2024-04-11T18:55:38.779Z] <<< [apiv2][body] GET https://firestore.googleapis.com/v1/projects/cvs-online/databases/(default)/collectionGroups/-/fields?filter=indexConfig.usesAncestorConfig=false OR ttlConfig:* {"fields":[{"name":"projects/cvs-online/databases/(default)/collectionGroups/__default__/fields/*","indexConfig":{"indexes":[{"queryScope":"COLLECTION","fields":[{"fieldPath":"*","order":"ASCENDING"}],"state":"READY"},{"queryScope":"COLLECTION","fields":[{"fieldPath":"*","order":"DESCENDING"}],"state":"READY"},{"queryScope":"COLLECTION","fields":[{"fieldPath":"*","arrayConfig":"CONTAINS"}],"state":"READY"}]}}]}
[info] 
=== Functions Setup
[debug] [2024-04-11T18:55:38.783Z] > command requires scopes: ["email","openid","https://www.googleapis.com/auth/cloudplatformprojects.readonly","https://www.googleapis.com/auth/firebase","https://www.googleapis.com/auth/cloud-platform"]
[debug] [2024-04-11T18:55:38.783Z] > authorizing via signed-in user (lilibest30.lb@gmail.com)
[debug] [2024-04-11T18:55:38.783Z] [iam] checking project cvs-online for permissions ["firebase.projects.get"]
[debug] [2024-04-11T18:55:38.784Z] >>> [apiv2][query] POST https://cloudresourcemanager.googleapis.com/v1/projects/cvs-online:testIamPermissions [none]
[debug] [2024-04-11T18:55:38.784Z] >>> [apiv2][(partial)header] POST https://cloudresourcemanager.googleapis.com/v1/projects/cvs-online:testIamPermissions x-goog-quota-user=projects/cvs-online
[debug] [2024-04-11T18:55:38.784Z] >>> [apiv2][body] POST https://cloudresourcemanager.googleapis.com/v1/projects/cvs-online:testIamPermissions {"permissions":["firebase.projects.get"]}
[debug] [2024-04-11T18:55:44.665Z] <<< [apiv2][status] POST https://cloudresourcemanager.googleapis.com/v1/projects/cvs-online:testIamPermissions 200
[debug] [2024-04-11T18:55:44.665Z] <<< [apiv2][body] POST https://cloudresourcemanager.googleapis.com/v1/projects/cvs-online:testIamPermissions {"permissions":["firebase.projects.get"]}
[debug] [2024-04-11T18:55:44.667Z] >>> [apiv2][query] GET https://serviceusage.googleapis.com/v1/projects/cvs-online/services/cloudfunctions.googleapis.com [none]
[debug] [2024-04-11T18:55:44.667Z] >>> [apiv2][(partial)header] GET https://serviceusage.googleapis.com/v1/projects/cvs-online/services/cloudfunctions.googleapis.com x-goog-quota-user=projects/cvs-online
[debug] [2024-04-11T18:55:44.669Z] >>> [apiv2][query] GET https://serviceusage.googleapis.com/v1/projects/cvs-online/services/runtimeconfig.googleapis.com [none]
[debug] [2024-04-11T18:55:44.669Z] >>> [apiv2][(partial)header] GET https://serviceusage.googleapis.com/v1/projects/cvs-online/services/runtimeconfig.googleapis.com x-goog-quota-user=projects/cvs-online
[debug] [2024-04-11T18:55:48.953Z] <<< [apiv2][status] GET https://serviceusage.googleapis.com/v1/projects/cvs-online/services/cloudfunctions.googleapis.com 200
[debug] [2024-04-11T18:55:48.954Z] <<< [apiv2][body] GET https://serviceusage.googleapis.com/v1/projects/cvs-online/services/cloudfunctions.googleapis.com [omitted]
[debug] [2024-04-11T18:55:51.673Z] <<< [apiv2][status] GET https://serviceusage.googleapis.com/v1/projects/cvs-online/services/runtimeconfig.googleapis.com 200
[debug] [2024-04-11T18:55:51.674Z] <<< [apiv2][body] GET https://serviceusage.googleapis.com/v1/projects/cvs-online/services/runtimeconfig.googleapis.com [omitted]
[info] Let's create a new codebase for your functions.
[info] A directory corresponding to the codebase will be created in your project
[info] with sample code pre-configured.

[info] See https://firebase.google.com/docs/functions/organize-functions for
[info] more information on organizing your functions using codebases.

[info] Functions can be deployed with firebase deploy.

[info] ✔  Wrote functions/package.json 
[info] ✔  Wrote functions/index.js 
[info] ✔  Wrote functions/.gitignore 
